<?xml version="1.0" encoding="UTF-8"?>
<testng-results skipped="0" failed="2" ignored="0" total="10" passed="8">
  <reporter-output>
    <line>
      <![CDATA[pass:Element is displayed]]>
    </line>
    <line>
      <![CDATA[pass:Element is displayed]]>
    </line>
    <line>
      <![CDATA[pass:Element is displayed]]>
    </line>
    <line>
      <![CDATA[pass:Element is displayed]]>
    </line>
    <line>
      <![CDATA[pass:Element is displayed]]>
    </line>
    <line>
      <![CDATA[pass:Element is displayed]]>
    </line>
    <line>
      <![CDATA[pass:Element is displayed]]>
    </line>
    <line>
      <![CDATA[pass:Element is displayed]]>
    </line>
    <line>
      <![CDATA[pass:Element is displayed]]>
    </line>
    <line>
      <![CDATA[pass:Element is displayed]]>
    </line>
    <line>
      <![CDATA[pass:Element is displayed]]>
    </line>
    <line>
      <![CDATA[pass:Element is displayed]]>
    </line>
    <line>
      <![CDATA[pass:Element is displayed]]>
    </line>
    <line>
      <![CDATA[pass:Element is displayed]]>
    </line>
    <line>
      <![CDATA[pass:Element is displayed]]>
    </line>
    <line>
      <![CDATA[pass:Element is displayed]]>
    </line>
    <line>
      <![CDATA[pass:Element is displayed]]>
    </line>
    <line>
      <![CDATA[pass:Element is displayed]]>
    </line>
    <line>
      <![CDATA[pass:Element is displayed]]>
    </line>
    <line>
      <![CDATA[pass:Element is displayed]]>
    </line>
    <line>
      <![CDATA[pass:Element is displayed]]>
    </line>
    <line>
      <![CDATA[pass:Element is displayed]]>
    </line>
    <line>
      <![CDATA[pass:Element is displayed]]>
    </line>
    <line>
      <![CDATA[pass:Element is displayed]]>
    </line>
    <line>
      <![CDATA[pass:Element is displayed]]>
    </line>
    <line>
      <![CDATA[pass:Element is displayed]]>
    </line>
    <line>
      <![CDATA[pass:Element is displayed]]>
    </line>
    <line>
      <![CDATA[pass:Element is displayed]]>
    </line>
    <line>
      <![CDATA[pass:Element is displayed]]>
    </line>
    <line>
      <![CDATA[pass:Element is displayed]]>
    </line>
    <line>
      <![CDATA[pass:Element is displayed]]>
    </line>
    <line>
      <![CDATA[pass:Element is displayed]]>
    </line>
    <line>
      <![CDATA[pass:Element is displayed]]>
    </line>
    <line>
      <![CDATA[pass:Element is displayed]]>
    </line>
    <line>
      <![CDATA[pass:Element is displayed]]>
    </line>
    <line>
      <![CDATA[pass:Element is displayed]]>
    </line>
    <line>
      <![CDATA[pass:Element is displayed]]>
    </line>
    <line>
      <![CDATA[pass:Element is displayed]]>
    </line>
    <line>
      <![CDATA[pass:Element is displayed]]>
    </line>
    <line>
      <![CDATA[pass:Element is displayed]]>
    </line>
    <line>
      <![CDATA[pass:Element is displayed]]>
    </line>
    <line>
      <![CDATA[pass:Element is displayed]]>
    </line>
    <line>
      <![CDATA[pass:Element is displayed]]>
    </line>
    <line>
      <![CDATA[pass:Element is displayed]]>
    </line>
    <line>
      <![CDATA[pass:Element is displayed]]>
    </line>
    <line>
      <![CDATA[pass:Element is displayed]]>
    </line>
    <line>
      <![CDATA[pass:Element is displayed]]>
    </line>
    <line>
      <![CDATA[pass:Element is displayed]]>
    </line>
    <line>
      <![CDATA[pass:Element is displayed]]>
    </line>
    <line>
      <![CDATA[pass:Element is displayed]]>
    </line>
    <line>
      <![CDATA[pass:Element is displayed]]>
    </line>
    <line>
      <![CDATA[pass:Element is displayed]]>
    </line>
    <line>
      <![CDATA[pass:Element is displayed]]>
    </line>
    <line>
      <![CDATA[pass:Element is displayed]]>
    </line>
    <line>
      <![CDATA[pass:Element is displayed]]>
    </line>
    <line>
      <![CDATA[pass:Element is displayed]]>
    </line>
  </reporter-output>
  <suite name="Default suite" duration-ms="299521" started-at="2018-06-25T10:06:46Z" finished-at="2018-06-25T10:11:45Z">
    <groups>
    </groups>
    <test name="Default test" duration-ms="299521" started-at="2018-06-25T10:06:46Z" finished-at="2018-06-25T10:11:45Z">
      <class name="scripts.EditProfile">
        <test-method status="PASS" signature="openapp()[pri:0, instance:scripts.EditProfile@2a742aa2]" name="openapp" is-config="true" duration-ms="6198" started-at="2018-06-25T10:06:46Z" finished-at="2018-06-25T10:06:52Z">
          <reporter-output>
          </reporter-output>
        </test-method> <!-- openapp -->
        <test-method status="PASS" signature="test()[pri:0, instance:scripts.EditProfile@2a742aa2]" name="test" duration-ms="16221" started-at="2018-06-25T10:06:52Z" finished-at="2018-06-25T10:07:08Z">
          <reporter-output>
            <line>
              <![CDATA[pass:Element is displayed]]>
            </line>
            <line>
              <![CDATA[pass:Element is displayed]]>
            </line>
            <line>
              <![CDATA[pass:Element is displayed]]>
            </line>
            <line>
              <![CDATA[pass:Element is displayed]]>
            </line>
            <line>
              <![CDATA[pass:Element is displayed]]>
            </line>
            <line>
              <![CDATA[pass:Element is displayed]]>
            </line>
            <line>
              <![CDATA[pass:Element is displayed]]>
            </line>
            <line>
              <![CDATA[pass:Element is displayed]]>
            </line>
          </reporter-output>
        </test-method> <!-- test -->
        <test-method status="PASS" signature="closeapp()[pri:0, instance:scripts.EditProfile@2a742aa2]" name="closeapp" is-config="true" duration-ms="2374" started-at="2018-06-25T10:07:08Z" finished-at="2018-06-25T10:07:11Z">
          <reporter-output>
          </reporter-output>
        </test-method> <!-- closeapp -->
      </class> <!-- scripts.EditProfile -->
      <class name="scripts.AddScenario">
        <test-method status="PASS" signature="openapp()[pri:0, instance:scripts.AddScenario@3cb1ffe6]" name="openapp" is-config="true" duration-ms="9694" started-at="2018-06-25T10:07:11Z" finished-at="2018-06-25T10:07:20Z">
          <reporter-output>
          </reporter-output>
        </test-method> <!-- openapp -->
        <test-method status="FAIL" signature="add()[pri:0, instance:scripts.AddScenario@3cb1ffe6]" name="add" duration-ms="19422" started-at="2018-06-25T10:07:20Z" finished-at="2018-06-25T10:07:40Z">
          <exception class="org.openqa.selenium.NoSuchElementException">
            <message>
              <![CDATA[no such element: Unable to locate element: {"method":"xpath","selector":"//div[@class='_1gPB7']"}
  (Session info: chrome=67.0.3396.87)
  (Driver info: chromedriver=2.40.565498 (ea082db3280dd6843ebfb08a625e3eb905c4f5ab),platform=Windows NT 10.0.10240 x86_64) (WARNING: The server did not provide any stacktrace information)
Command duration or timeout: 0 milliseconds
For documentation on this error, please visit: http://seleniumhq.org/exceptions/no_such_element.html
Build info: version: '3.12.0', revision: '7c6e0b3', time: '2018-05-08T15:15:08.936Z'
System info: host: 'DESKTOP-RQ7DP46', ip: '192.168.43.231', os.name: 'Windows 10', os.arch: 'amd64', os.version: '10.0', java.version: '1.8.0_121'
Driver info: org.openqa.selenium.chrome.ChromeDriver
Capabilities {acceptInsecureCerts: false, acceptSslCerts: false, applicationCacheEnabled: false, browserConnectionEnabled: false, browserName: chrome, chrome: {chromedriverVersion: 2.40.565498 (ea082db3280dd6..., userDataDir: C:\Users\anuj\AppData\Local...}, cssSelectorsEnabled: true, databaseEnabled: false, handlesAlerts: true, hasTouchScreen: false, javascriptEnabled: true, locationContextEnabled: true, mobileEmulationEnabled: false, nativeEvents: true, networkConnectionEnabled: false, pageLoadStrategy: normal, platform: XP, platformName: XP, rotatable: false, setWindowRect: true, takesHeapSnapshot: true, takesScreenshot: true, unexpectedAlertBehaviour: , unhandledPromptBehavior: , version: 67.0.3396.87, webStorageEnabled: true}
Session ID: 43775c4b23f400dadcea9215065b14c3
*** Element info: {Using=xpath, value=//div[@class='_1gPB7']}]]>
            </message>
            <full-stacktrace>
              <![CDATA[org.openqa.selenium.NoSuchElementException: no such element: Unable to locate element: {"method":"xpath","selector":"//div[@class='_1gPB7']"}
  (Session info: chrome=67.0.3396.87)
  (Driver info: chromedriver=2.40.565498 (ea082db3280dd6843ebfb08a625e3eb905c4f5ab),platform=Windows NT 10.0.10240 x86_64) (WARNING: The server did not provide any stacktrace information)
Command duration or timeout: 0 milliseconds
For documentation on this error, please visit: http://seleniumhq.org/exceptions/no_such_element.html
Build info: version: '3.12.0', revision: '7c6e0b3', time: '2018-05-08T15:15:08.936Z'
System info: host: 'DESKTOP-RQ7DP46', ip: '192.168.43.231', os.name: 'Windows 10', os.arch: 'amd64', os.version: '10.0', java.version: '1.8.0_121'
Driver info: org.openqa.selenium.chrome.ChromeDriver
Capabilities {acceptInsecureCerts: false, acceptSslCerts: false, applicationCacheEnabled: false, browserConnectionEnabled: false, browserName: chrome, chrome: {chromedriverVersion: 2.40.565498 (ea082db3280dd6..., userDataDir: C:\Users\anuj\AppData\Local...}, cssSelectorsEnabled: true, databaseEnabled: false, handlesAlerts: true, hasTouchScreen: false, javascriptEnabled: true, locationContextEnabled: true, mobileEmulationEnabled: false, nativeEvents: true, networkConnectionEnabled: false, pageLoadStrategy: normal, platform: XP, platformName: XP, rotatable: false, setWindowRect: true, takesHeapSnapshot: true, takesScreenshot: true, unexpectedAlertBehaviour: , unhandledPromptBehavior: , version: 67.0.3396.87, webStorageEnabled: true}
Session ID: 43775c4b23f400dadcea9215065b14c3
*** Element info: {Using=xpath, value=//div[@class='_1gPB7']}
at sun.reflect.NativeConstructorAccessorImpl.newInstance0(Native Method)
at sun.reflect.NativeConstructorAccessorImpl.newInstance(Unknown Source)
at sun.reflect.DelegatingConstructorAccessorImpl.newInstance(Unknown Source)
at java.lang.reflect.Constructor.newInstance(Unknown Source)
at org.openqa.selenium.remote.ErrorHandler.createThrowable(ErrorHandler.java:214)
at org.openqa.selenium.remote.ErrorHandler.throwIfResponseFailed(ErrorHandler.java:166)
at org.openqa.selenium.remote.http.JsonHttpResponseCodec.reconstructValue(JsonHttpResponseCodec.java:40)
at org.openqa.selenium.remote.http.AbstractHttpResponseCodec.decode(AbstractHttpResponseCodec.java:80)
at org.openqa.selenium.remote.http.AbstractHttpResponseCodec.decode(AbstractHttpResponseCodec.java:44)
at org.openqa.selenium.remote.HttpCommandExecutor.execute(HttpCommandExecutor.java:158)
at org.openqa.selenium.remote.service.DriverCommandExecutor.execute(DriverCommandExecutor.java:83)
at org.openqa.selenium.remote.RemoteWebDriver.execute(RemoteWebDriver.java:543)
at org.openqa.selenium.remote.RemoteWebDriver.findElement(RemoteWebDriver.java:317)
at org.openqa.selenium.remote.RemoteWebDriver.findElementByXPath(RemoteWebDriver.java:419)
at org.openqa.selenium.By$ByXPath.findElement(By.java:353)
at org.openqa.selenium.remote.RemoteWebDriver.findElement(RemoteWebDriver.java:309)
at org.openqa.selenium.support.pagefactory.DefaultElementLocator.findElement(DefaultElementLocator.java:69)
at org.openqa.selenium.support.pagefactory.internal.LocatingElementHandler.invoke(LocatingElementHandler.java:38)
at com.sun.proxy.$Proxy9.click(Unknown Source)
at pom.ClickOnadd.checkout(ClickOnadd.java:44)
at scripts.AddScenario.add(AddScenario.java:35)
at sun.reflect.NativeMethodAccessorImpl.invoke0(Native Method)
at sun.reflect.NativeMethodAccessorImpl.invoke(Unknown Source)
at sun.reflect.DelegatingMethodAccessorImpl.invoke(Unknown Source)
at java.lang.reflect.Method.invoke(Unknown Source)
at org.testng.internal.MethodInvocationHelper.invokeMethod(MethodInvocationHelper.java:124)
at org.testng.internal.Invoker.invokeMethod(Invoker.java:580)
at org.testng.internal.Invoker.invokeTestMethod(Invoker.java:716)
at org.testng.internal.Invoker.invokeTestMethods(Invoker.java:988)
at org.testng.internal.TestMethodWorker.invokeTestMethods(TestMethodWorker.java:125)
at org.testng.internal.TestMethodWorker.run(TestMethodWorker.java:109)
at org.testng.TestRunner.privateRun(TestRunner.java:648)
at org.testng.TestRunner.run(TestRunner.java:505)
at org.testng.SuiteRunner.runTest(SuiteRunner.java:455)
at org.testng.SuiteRunner.runSequentially(SuiteRunner.java:450)
at org.testng.SuiteRunner.privateRun(SuiteRunner.java:415)
at org.testng.SuiteRunner.run(SuiteRunner.java:364)
at org.testng.SuiteRunnerWorker.runSuite(SuiteRunnerWorker.java:52)
at org.testng.SuiteRunnerWorker.run(SuiteRunnerWorker.java:84)
at org.testng.TestNG.runSuitesSequentially(TestNG.java:1208)
at org.testng.TestNG.runSuitesLocally(TestNG.java:1137)
at org.testng.TestNG.runSuites(TestNG.java:1049)
at org.testng.TestNG.run(TestNG.java:1017)
at org.testng.remote.AbstractRemoteTestNG.run(AbstractRemoteTestNG.java:114)
at org.testng.remote.RemoteTestNG.initAndRun(RemoteTestNG.java:251)
at org.testng.remote.RemoteTestNG.main(RemoteTestNG.java:77)
]]>
            </full-stacktrace>
          </exception> <!-- org.openqa.selenium.NoSuchElementException -->
          <reporter-output>
            <line>
              <![CDATA[pass:Element is displayed]]>
            </line>
            <line>
              <![CDATA[pass:Element is displayed]]>
            </line>
            <line>
              <![CDATA[pass:Element is displayed]]>
            </line>
            <line>
              <![CDATA[pass:Element is displayed]]>
            </line>
          </reporter-output>
        </test-method> <!-- add -->
        <test-method status="PASS" signature="closeapp()[pri:0, instance:scripts.AddScenario@3cb1ffe6]" name="closeapp" is-config="true" duration-ms="2138" started-at="2018-06-25T10:07:40Z" finished-at="2018-06-25T10:07:42Z">
          <reporter-output>
          </reporter-output>
        </test-method> <!-- closeapp -->
      </class> <!-- scripts.AddScenario -->
      <class name="scripts.LocationTrackingScript">
        <test-method status="PASS" signature="openapp()[pri:0, instance:scripts.LocationTrackingScript@467aecef]" name="openapp" is-config="true" duration-ms="7271" started-at="2018-06-25T10:08:14Z" finished-at="2018-06-25T10:08:21Z">
          <reporter-output>
          </reporter-output>
        </test-method> <!-- openapp -->
        <test-method status="PASS" signature="script2()[pri:0, instance:scripts.LocationTrackingScript@467aecef]" name="script2" duration-ms="21275" started-at="2018-06-25T10:08:21Z" finished-at="2018-06-25T10:08:42Z">
          <reporter-output>
            <line>
              <![CDATA[pass:Element is displayed]]>
            </line>
            <line>
              <![CDATA[pass:Element is displayed]]>
            </line>
            <line>
              <![CDATA[pass:Element is displayed]]>
            </line>
            <line>
              <![CDATA[pass:Element is displayed]]>
            </line>
            <line>
              <![CDATA[pass:Element is displayed]]>
            </line>
            <line>
              <![CDATA[pass:Element is displayed]]>
            </line>
          </reporter-output>
        </test-method> <!-- script2 -->
        <test-method status="PASS" signature="closeapp()[pri:0, instance:scripts.LocationTrackingScript@467aecef]" name="closeapp" is-config="true" duration-ms="2114" started-at="2018-06-25T10:08:42Z" finished-at="2018-06-25T10:08:44Z">
          <reporter-output>
          </reporter-output>
        </test-method> <!-- closeapp -->
      </class> <!-- scripts.LocationTrackingScript -->
      <class name="scripts.VegOnlyFilterScript">
        <test-method status="PASS" signature="openapp()[pri:0, instance:scripts.VegOnlyFilterScript@3dfc5fb8]" name="openapp" is-config="true" duration-ms="7570" started-at="2018-06-25T10:07:42Z" finished-at="2018-06-25T10:07:50Z">
          <reporter-output>
          </reporter-output>
        </test-method> <!-- openapp -->
        <test-method status="PASS" signature="vegonly()[pri:0, instance:scripts.VegOnlyFilterScript@3dfc5fb8]" name="vegonly" duration-ms="23997" started-at="2018-06-25T10:07:50Z" finished-at="2018-06-25T10:08:14Z">
          <reporter-output>
            <line>
              <![CDATA[pass:Element is displayed]]>
            </line>
            <line>
              <![CDATA[pass:Element is displayed]]>
            </line>
            <line>
              <![CDATA[pass:Element is displayed]]>
            </line>
            <line>
              <![CDATA[pass:Element is displayed]]>
            </line>
            <line>
              <![CDATA[pass:Element is displayed]]>
            </line>
            <line>
              <![CDATA[pass:Element is displayed]]>
            </line>
          </reporter-output>
        </test-method> <!-- vegonly -->
        <test-method status="PASS" signature="closeapp()[pri:0, instance:scripts.VegOnlyFilterScript@3dfc5fb8]" name="closeapp" is-config="true" duration-ms="222" started-at="2018-06-25T10:08:14Z" finished-at="2018-06-25T10:08:14Z">
          <reporter-output>
          </reporter-output>
        </test-method> <!-- closeapp -->
      </class> <!-- scripts.VegOnlyFilterScript -->
      <class name="scripts.SelectCheckBox">
        <test-method status="PASS" signature="openapp()[pri:0, instance:scripts.SelectCheckBox@4d50efb8]" name="openapp" is-config="true" duration-ms="5436" started-at="2018-06-25T10:08:44Z" finished-at="2018-06-25T10:08:50Z">
          <reporter-output>
          </reporter-output>
        </test-method> <!-- openapp -->
        <test-method status="PASS" signature="search()[pri:0, instance:scripts.SelectCheckBox@4d50efb8]" name="search" duration-ms="22716" started-at="2018-06-25T10:08:50Z" finished-at="2018-06-25T10:09:13Z">
          <reporter-output>
            <line>
              <![CDATA[pass:Element is displayed]]>
            </line>
            <line>
              <![CDATA[pass:Element is displayed]]>
            </line>
            <line>
              <![CDATA[pass:Element is displayed]]>
            </line>
            <line>
              <![CDATA[pass:Element is displayed]]>
            </line>
            <line>
              <![CDATA[pass:Element is displayed]]>
            </line>
            <line>
              <![CDATA[pass:Element is displayed]]>
            </line>
          </reporter-output>
        </test-method> <!-- search -->
        <test-method status="PASS" signature="closeapp()[pri:0, instance:scripts.SelectCheckBox@4d50efb8]" name="closeapp" is-config="true" duration-ms="2345" started-at="2018-06-25T10:09:13Z" finished-at="2018-06-25T10:09:15Z">
          <reporter-output>
          </reporter-output>
        </test-method> <!-- closeapp -->
      </class> <!-- scripts.SelectCheckBox -->
      <class name="scripts.CostForTwoscript">
        <test-method status="PASS" signature="openapp()[pri:0, instance:scripts.CostForTwoscript@307f6b8c]" name="openapp" is-config="true" duration-ms="5397" started-at="2018-06-25T10:10:19Z" finished-at="2018-06-25T10:10:25Z">
          <reporter-output>
          </reporter-output>
        </test-method> <!-- openapp -->
        <test-method status="PASS" signature="costfortwo()[pri:0, instance:scripts.CostForTwoscript@307f6b8c]" name="costfortwo" duration-ms="25360" started-at="2018-06-25T10:10:25Z" finished-at="2018-06-25T10:10:50Z">
          <reporter-output>
            <line>
              <![CDATA[pass:Element is displayed]]>
            </line>
            <line>
              <![CDATA[pass:Element is displayed]]>
            </line>
            <line>
              <![CDATA[pass:Element is displayed]]>
            </line>
            <line>
              <![CDATA[pass:Element is displayed]]>
            </line>
            <line>
              <![CDATA[pass:Element is displayed]]>
            </line>
            <line>
              <![CDATA[pass:Element is displayed]]>
            </line>
          </reporter-output>
        </test-method> <!-- costfortwo -->
        <test-method status="PASS" signature="closeapp()[pri:0, instance:scripts.CostForTwoscript@307f6b8c]" name="closeapp" is-config="true" duration-ms="2359" started-at="2018-06-25T10:10:50Z" finished-at="2018-06-25T10:10:52Z">
          <reporter-output>
          </reporter-output>
        </test-method> <!-- closeapp -->
      </class> <!-- scripts.CostForTwoscript -->
      <class name="scripts.SearchTbScript">
        <test-method status="PASS" signature="openapp()[pri:0, instance:scripts.SearchTbScript@2173f6d9]" name="openapp" is-config="true" duration-ms="5235" started-at="2018-06-25T10:09:53Z" finished-at="2018-06-25T10:09:59Z">
          <reporter-output>
          </reporter-output>
        </test-method> <!-- openapp -->
        <test-method status="PASS" signature="search()[pri:0, instance:scripts.SearchTbScript@2173f6d9]" name="search" duration-ms="20011" started-at="2018-06-25T10:09:59Z" finished-at="2018-06-25T10:10:19Z">
          <reporter-output>
            <line>
              <![CDATA[pass:Element is displayed]]>
            </line>
            <line>
              <![CDATA[pass:Element is displayed]]>
            </line>
            <line>
              <![CDATA[pass:Element is displayed]]>
            </line>
            <line>
              <![CDATA[pass:Element is displayed]]>
            </line>
            <line>
              <![CDATA[pass:Element is displayed]]>
            </line>
            <line>
              <![CDATA[pass:Element is displayed]]>
            </line>
            <line>
              <![CDATA[pass:Element is displayed]]>
            </line>
          </reporter-output>
        </test-method> <!-- search -->
        <test-method status="PASS" signature="closeapp()[pri:0, instance:scripts.SearchTbScript@2173f6d9]" name="closeapp" is-config="true" duration-ms="573" started-at="2018-06-25T10:10:19Z" finished-at="2018-06-25T10:10:19Z">
          <reporter-output>
          </reporter-output>
        </test-method> <!-- closeapp -->
      </class> <!-- scripts.SearchTbScript -->
      <class name="scripts.MouseHoverScenario">
        <test-method status="PASS" signature="openapp()[pri:0, instance:scripts.MouseHoverScenario@7e2d773b]" name="openapp" is-config="true" duration-ms="10038" started-at="2018-06-25T10:09:15Z" finished-at="2018-06-25T10:09:25Z">
          <reporter-output>
          </reporter-output>
        </test-method> <!-- openapp -->
        <test-method status="PASS" signature="mousehover()[pri:0, instance:scripts.MouseHoverScenario@7e2d773b]" name="mousehover" duration-ms="27956" started-at="2018-06-25T10:09:25Z" finished-at="2018-06-25T10:09:53Z">
          <reporter-output>
            <line>
              <![CDATA[pass:Element is displayed]]>
            </line>
            <line>
              <![CDATA[pass:Element is displayed]]>
            </line>
            <line>
              <![CDATA[pass:Element is displayed]]>
            </line>
            <line>
              <![CDATA[pass:Element is displayed]]>
            </line>
            <line>
              <![CDATA[pass:Element is displayed]]>
            </line>
            <line>
              <![CDATA[pass:Element is displayed]]>
            </line>
          </reporter-output>
        </test-method> <!-- mousehover -->
        <test-method status="PASS" signature="closeapp()[pri:0, instance:scripts.MouseHoverScenario@7e2d773b]" name="closeapp" is-config="true" duration-ms="382" started-at="2018-06-25T10:09:53Z" finished-at="2018-06-25T10:09:53Z">
          <reporter-output>
          </reporter-output>
        </test-method> <!-- closeapp -->
      </class> <!-- scripts.MouseHoverScenario -->
      <class name="scripts.ApplyCouponScript">
        <test-method status="PASS" signature="openapp()[pri:0, instance:scripts.ApplyCouponScript@7a187f14]" name="openapp" is-config="true" duration-ms="7878" started-at="2018-06-25T10:10:52Z" finished-at="2018-06-25T10:11:00Z">
          <reporter-output>
          </reporter-output>
        </test-method> <!-- openapp -->
        <test-method status="FAIL" signature="coupon()[pri:0, instance:scripts.ApplyCouponScript@7a187f14]" name="coupon" duration-ms="19348" started-at="2018-06-25T10:11:00Z" finished-at="2018-06-25T10:11:19Z">
          <exception class="org.openqa.selenium.NoSuchElementException">
            <message>
              <![CDATA[no such element: Unable to locate element: {"method":"xpath","selector":"//div[@class='_1gPB7']"}
  (Session info: chrome=67.0.3396.87)
  (Driver info: chromedriver=2.40.565498 (ea082db3280dd6843ebfb08a625e3eb905c4f5ab),platform=Windows NT 10.0.10240 x86_64) (WARNING: The server did not provide any stacktrace information)
Command duration or timeout: 0 milliseconds
For documentation on this error, please visit: http://seleniumhq.org/exceptions/no_such_element.html
Build info: version: '3.12.0', revision: '7c6e0b3', time: '2018-05-08T15:15:08.936Z'
System info: host: 'DESKTOP-RQ7DP46', ip: '192.168.43.231', os.name: 'Windows 10', os.arch: 'amd64', os.version: '10.0', java.version: '1.8.0_121'
Driver info: org.openqa.selenium.chrome.ChromeDriver
Capabilities {acceptInsecureCerts: false, acceptSslCerts: false, applicationCacheEnabled: false, browserConnectionEnabled: false, browserName: chrome, chrome: {chromedriverVersion: 2.40.565498 (ea082db3280dd6..., userDataDir: C:\Users\anuj\AppData\Local...}, cssSelectorsEnabled: true, databaseEnabled: false, handlesAlerts: true, hasTouchScreen: false, javascriptEnabled: true, locationContextEnabled: true, mobileEmulationEnabled: false, nativeEvents: true, networkConnectionEnabled: false, pageLoadStrategy: normal, platform: XP, platformName: XP, rotatable: false, setWindowRect: true, takesHeapSnapshot: true, takesScreenshot: true, unexpectedAlertBehaviour: , unhandledPromptBehavior: , version: 67.0.3396.87, webStorageEnabled: true}
Session ID: 4f2a35289c66076562fd1af945084f1e
*** Element info: {Using=xpath, value=//div[@class='_1gPB7']}]]>
            </message>
            <full-stacktrace>
              <![CDATA[org.openqa.selenium.NoSuchElementException: no such element: Unable to locate element: {"method":"xpath","selector":"//div[@class='_1gPB7']"}
  (Session info: chrome=67.0.3396.87)
  (Driver info: chromedriver=2.40.565498 (ea082db3280dd6843ebfb08a625e3eb905c4f5ab),platform=Windows NT 10.0.10240 x86_64) (WARNING: The server did not provide any stacktrace information)
Command duration or timeout: 0 milliseconds
For documentation on this error, please visit: http://seleniumhq.org/exceptions/no_such_element.html
Build info: version: '3.12.0', revision: '7c6e0b3', time: '2018-05-08T15:15:08.936Z'
System info: host: 'DESKTOP-RQ7DP46', ip: '192.168.43.231', os.name: 'Windows 10', os.arch: 'amd64', os.version: '10.0', java.version: '1.8.0_121'
Driver info: org.openqa.selenium.chrome.ChromeDriver
Capabilities {acceptInsecureCerts: false, acceptSslCerts: false, applicationCacheEnabled: false, browserConnectionEnabled: false, browserName: chrome, chrome: {chromedriverVersion: 2.40.565498 (ea082db3280dd6..., userDataDir: C:\Users\anuj\AppData\Local...}, cssSelectorsEnabled: true, databaseEnabled: false, handlesAlerts: true, hasTouchScreen: false, javascriptEnabled: true, locationContextEnabled: true, mobileEmulationEnabled: false, nativeEvents: true, networkConnectionEnabled: false, pageLoadStrategy: normal, platform: XP, platformName: XP, rotatable: false, setWindowRect: true, takesHeapSnapshot: true, takesScreenshot: true, unexpectedAlertBehaviour: , unhandledPromptBehavior: , version: 67.0.3396.87, webStorageEnabled: true}
Session ID: 4f2a35289c66076562fd1af945084f1e
*** Element info: {Using=xpath, value=//div[@class='_1gPB7']}
at sun.reflect.NativeConstructorAccessorImpl.newInstance0(Native Method)
at sun.reflect.NativeConstructorAccessorImpl.newInstance(Unknown Source)
at sun.reflect.DelegatingConstructorAccessorImpl.newInstance(Unknown Source)
at java.lang.reflect.Constructor.newInstance(Unknown Source)
at org.openqa.selenium.remote.ErrorHandler.createThrowable(ErrorHandler.java:214)
at org.openqa.selenium.remote.ErrorHandler.throwIfResponseFailed(ErrorHandler.java:166)
at org.openqa.selenium.remote.http.JsonHttpResponseCodec.reconstructValue(JsonHttpResponseCodec.java:40)
at org.openqa.selenium.remote.http.AbstractHttpResponseCodec.decode(AbstractHttpResponseCodec.java:80)
at org.openqa.selenium.remote.http.AbstractHttpResponseCodec.decode(AbstractHttpResponseCodec.java:44)
at org.openqa.selenium.remote.HttpCommandExecutor.execute(HttpCommandExecutor.java:158)
at org.openqa.selenium.remote.service.DriverCommandExecutor.execute(DriverCommandExecutor.java:83)
at org.openqa.selenium.remote.RemoteWebDriver.execute(RemoteWebDriver.java:543)
at org.openqa.selenium.remote.RemoteWebDriver.findElement(RemoteWebDriver.java:317)
at org.openqa.selenium.remote.RemoteWebDriver.findElementByXPath(RemoteWebDriver.java:419)
at org.openqa.selenium.By$ByXPath.findElement(By.java:353)
at org.openqa.selenium.remote.RemoteWebDriver.findElement(RemoteWebDriver.java:309)
at org.openqa.selenium.support.pagefactory.DefaultElementLocator.findElement(DefaultElementLocator.java:69)
at org.openqa.selenium.support.pagefactory.internal.LocatingElementHandler.invoke(LocatingElementHandler.java:38)
at com.sun.proxy.$Proxy9.click(Unknown Source)
at pom.ClickOnadd.checkout(ClickOnadd.java:44)
at scripts.ApplyCouponScript.coupon(ApplyCouponScript.java:37)
at sun.reflect.NativeMethodAccessorImpl.invoke0(Native Method)
at sun.reflect.NativeMethodAccessorImpl.invoke(Unknown Source)
at sun.reflect.DelegatingMethodAccessorImpl.invoke(Unknown Source)
at java.lang.reflect.Method.invoke(Unknown Source)
at org.testng.internal.MethodInvocationHelper.invokeMethod(MethodInvocationHelper.java:124)
at org.testng.internal.Invoker.invokeMethod(Invoker.java:580)
at org.testng.internal.Invoker.invokeTestMethod(Invoker.java:716)
at org.testng.internal.Invoker.invokeTestMethods(Invoker.java:988)
at org.testng.internal.TestMethodWorker.invokeTestMethods(TestMethodWorker.java:125)
at org.testng.internal.TestMethodWorker.run(TestMethodWorker.java:109)
at org.testng.TestRunner.privateRun(TestRunner.java:648)
at org.testng.TestRunner.run(TestRunner.java:505)
at org.testng.SuiteRunner.runTest(SuiteRunner.java:455)
at org.testng.SuiteRunner.runSequentially(SuiteRunner.java:450)
at org.testng.SuiteRunner.privateRun(SuiteRunner.java:415)
at org.testng.SuiteRunner.run(SuiteRunner.java:364)
at org.testng.SuiteRunnerWorker.runSuite(SuiteRunnerWorker.java:52)
at org.testng.SuiteRunnerWorker.run(SuiteRunnerWorker.java:84)
at org.testng.TestNG.runSuitesSequentially(TestNG.java:1208)
at org.testng.TestNG.runSuitesLocally(TestNG.java:1137)
at org.testng.TestNG.runSuites(TestNG.java:1049)
at org.testng.TestNG.run(TestNG.java:1017)
at org.testng.remote.AbstractRemoteTestNG.run(AbstractRemoteTestNG.java:114)
at org.testng.remote.RemoteTestNG.initAndRun(RemoteTestNG.java:251)
at org.testng.remote.RemoteTestNG.main(RemoteTestNG.java:77)
]]>
            </full-stacktrace>
          </exception> <!-- org.openqa.selenium.NoSuchElementException -->
          <reporter-output>
            <line>
              <![CDATA[pass:Element is displayed]]>
            </line>
            <line>
              <![CDATA[pass:Element is displayed]]>
            </line>
            <line>
              <![CDATA[pass:Element is displayed]]>
            </line>
            <line>
              <![CDATA[pass:Element is displayed]]>
            </line>
          </reporter-output>
        </test-method> <!-- coupon -->
        <test-method status="PASS" signature="closeapp()[pri:0, instance:scripts.ApplyCouponScript@7a187f14]" name="closeapp" is-config="true" duration-ms="304" started-at="2018-06-25T10:11:19Z" finished-at="2018-06-25T10:11:20Z">
          <reporter-output>
          </reporter-output>
        </test-method> <!-- closeapp -->
      </class> <!-- scripts.ApplyCouponScript -->
      <class name="scripts.SelectCategory">
        <test-method status="PASS" signature="openapp()[pri:0, instance:scripts.SelectCategory@6f195bc3]" name="openapp" is-config="true" duration-ms="5471" started-at="2018-06-25T10:11:20Z" finished-at="2018-06-25T10:11:25Z">
          <reporter-output>
          </reporter-output>
        </test-method> <!-- openapp -->
        <test-method status="PASS" signature="category()[pri:0, instance:scripts.SelectCategory@6f195bc3]" name="category" duration-ms="19781" started-at="2018-06-25T10:11:25Z" finished-at="2018-06-25T10:11:45Z">
          <reporter-output>
            <line>
              <![CDATA[pass:Element is displayed]]>
            </line>
            <line>
              <![CDATA[pass:Element is displayed]]>
            </line>
            <line>
              <![CDATA[pass:Element is displayed]]>
            </line>
          </reporter-output>
        </test-method> <!-- category -->
        <test-method status="PASS" signature="closeapp()[pri:0, instance:scripts.SelectCategory@6f195bc3]" name="closeapp" is-config="true" duration-ms="403" started-at="2018-06-25T10:11:45Z" finished-at="2018-06-25T10:11:45Z">
          <reporter-output>
          </reporter-output>
        </test-method> <!-- closeapp -->
      </class> <!-- scripts.SelectCategory -->
    </test> <!-- Default test -->
  </suite> <!-- Default suite -->
</testng-results>
